{"timestamp":"2026-04-04T08:42:50.283144Z","level":"info","event":"DAG bundles loaded: dags-folder, example_dags","logger":"airflow.dag_processing.bundles.manager.DagBundlesManager","filename":"manager.py","lineno":179}
{"timestamp":"2026-04-04T08:42:50.290914Z","level":"info","event":"Filling up the DagBag from /home/artem/airflow/dags/airflow_pipe.py","logger":"airflow.models.dagbag.BundleDagBag","filename":"dagbag.py","lineno":593}
{"timestamp":"2026-04-04T08:42:55.404400Z","level":"warning","event":"The `airflow.operators.python.PythonOperator` attribute is deprecated. Please use `'airflow.providers.standard.operators.python.PythonOperator'`.","category":"DeprecatedImportWarning","filename":"/home/artem/airflow/dags/airflow_pipe.py","lineno":5,"logger":"py.warnings"}
{"timestamp":"2026-04-04T08:42:55.411841Z","level":"info","event":"Stats instance was created in PID 3480 but accessed in PID 3817. Re-initializing.","logger":"airflow.stats","filename":"stats.py","lineno":57}
{"timestamp":"2026-04-04T08:42:55.465256Z","level":"info","event":"Task instance is in running state","logger":"task.stdout"}
{"timestamp":"2026-04-04T08:42:55.465353Z","level":"info","event":" Previous state of the Task instance: TaskInstanceState.QUEUED","logger":"task.stdout"}
{"timestamp":"2026-04-04T08:42:55.465378Z","level":"info","event":"Current task name:train_model","logger":"task.stdout"}
{"timestamp":"2026-04-04T08:42:55.465397Z","level":"info","event":"Dag name:car_price_ml_pipeline","logger":"task.stdout"}
{"timestamp":"2026-04-04T08:42:56.612520Z","level":"error","event":"2026/04/04 10:42:56 WARNING mlflow.utils.git_utils: Failed to import Git (the Git executable is probably not on your PATH), so Git SHA is not available. Error: Failed to initialize: Bad git executable.","logger":"task.stderr"}
{"timestamp":"2026-04-04T08:42:56.612688Z","level":"error","event":"The git executable must be specified in one of the following ways:","logger":"task.stderr"}
{"timestamp":"2026-04-04T08:42:56.612725Z","level":"error","event":"    - be included in your $PATH","logger":"task.stderr"}
{"timestamp":"2026-04-04T08:42:56.612744Z","level":"error","event":"    - be set via $GIT_PYTHON_GIT_EXECUTABLE","logger":"task.stderr"}
{"timestamp":"2026-04-04T08:42:56.612760Z","level":"error","event":"    - explicitly set via git.refresh(<full-path-to-git-executable>)","logger":"task.stderr"}
{"timestamp":"2026-04-04T08:42:56.612776Z","level":"error","event":"","logger":"task.stderr"}
{"timestamp":"2026-04-04T08:42:56.612793Z","level":"error","event":"All git commands will error until this is rectified.","logger":"task.stderr"}
{"timestamp":"2026-04-04T08:42:56.612809Z","level":"error","event":"","logger":"task.stderr"}
{"timestamp":"2026-04-04T08:42:56.612824Z","level":"error","event":"This initial message can be silenced or aggravated in the future by setting the","logger":"task.stderr"}
{"timestamp":"2026-04-04T08:42:56.612838Z","level":"error","event":"$GIT_PYTHON_REFRESH environment variable. Use one of the following values:","logger":"task.stderr"}
{"timestamp":"2026-04-04T08:42:56.612851Z","level":"error","event":"    - quiet|q|silence|s|silent|none|n|0: for no message or exception","logger":"task.stderr"}
{"timestamp":"2026-04-04T08:42:56.612864Z","level":"error","event":"    - warn|w|warning|log|l|1: for a warning message (logging level CRITICAL, displayed by default)","logger":"task.stderr"}
{"timestamp":"2026-04-04T08:42:56.612878Z","level":"error","event":"    - error|e|exception|raise|r|2: for a raised exception","logger":"task.stderr"}
{"timestamp":"2026-04-04T08:42:56.612892Z","level":"error","event":"","logger":"task.stderr"}
{"timestamp":"2026-04-04T08:42:56.612916Z","level":"error","event":"Example:","logger":"task.stderr"}
{"timestamp":"2026-04-04T08:42:56.612935Z","level":"error","event":"    export GIT_PYTHON_REFRESH=quiet","logger":"task.stderr"}
{"timestamp":"2026-04-04T08:42:56.612949Z","level":"error","event":"","logger":"task.stderr"}
{"timestamp":"2026-04-04T08:43:09.594039Z","level":"error","event":"2026/04/04 10:43:09 WARNING mlflow.models.model: `artifact_path` is deprecated. Please use `name` instead.","logger":"task.stderr"}
{"timestamp":"2026-04-04T08:43:09.680073Z","level":"error","event":"2026/04/04 10:43:09 WARNING mlflow.sklearn: Saving scikit-learn models in the pickle or cloudpickle format requires exercising caution because these formats rely on Python's object serialization mechanism, which can execute arbitrary code during deserialization. The recommended safe alternative is the 'skops' format. For more information, see: https://scikit-learn.org/stable/model_persistence.html","logger":"task.stderr"}
{"timestamp":"2026-04-04T08:43:20.487162Z","level":"info","event":"✅ Обучение завершено! Метрики: RMSE=1.58, MAE=1.25, R²=0.7782","logger":"task.stdout"}
{"timestamp":"2026-04-04T08:43:20.487272Z","level":"info","event":"📁 Артефакты сохранены в: artifacts","logger":"task.stdout"}
{"timestamp":"2026-04-04T08:43:20.526068Z","level":"info","event":"Done. Returned value was: {'rmse': np.float64(1.581249876942192), 'mae': 1.2531905427871437, 'r2': 0.7781882142818116}","logger":"airflow.task.operators.airflow.providers.standard.operators.python.PythonOperator","filename":"python.py","lineno":229}
{"timestamp":"2026-04-04T08:43:20.527731Z","level":"info","event":"Pushing xcom","ti":"RuntimeTaskInstance(id=UUID('019d57a8-84e5-746f-83e5-11a6fbd48046'), task_id='train_model', dag_id='car_price_ml_pipeline', run_id='manual__2026-04-04T08:42:35.081386+00:00', try_number=1, dag_version_id=UUID('019d579d-b0ce-7364-b357-f19b302f491c'), map_index=-1, hostname='artem-VirtualBox', context_carrier={}, task=<Task(PythonOperator): train_model>, bundle_instance=LocalDagBundle(name=dags-folder), max_tries=1, start_date=datetime.datetime(2026, 4, 4, 8, 42, 50, 164652, tzinfo=datetime.timezone.utc), end_date=None, state=<TaskInstanceState.RUNNING: 'running'>, is_mapped=False, rendered_map_index=None)","logger":"task","filename":"task_runner.py","lineno":1573}
{"timestamp":"2026-04-04T08:43:20.677578Z","level":"info","event":"Task instance in success state","logger":"task.stdout"}
{"timestamp":"2026-04-04T08:43:20.677676Z","level":"info","event":" Previous state of the Task instance: TaskInstanceState.RUNNING","logger":"task.stdout"}
{"timestamp":"2026-04-04T08:43:20.677702Z","level":"info","event":"Task operator:<Task(PythonOperator): train_model>","logger":"task.stdout"}
