{"timestamp":"2026-04-01T16:17:39.742377Z","level":"info","event":"DAG bundles loaded: dags-folder, example_dags","logger":"airflow.dag_processing.bundles.manager.DagBundlesManager","filename":"manager.py","lineno":179}
{"timestamp":"2026-04-01T16:17:39.744303Z","level":"info","event":"Filling up the DagBag from /home/artem/airflow/dags/airflow_pipe.py","logger":"airflow.models.dagbag.BundleDagBag","filename":"dagbag.py","lineno":593}
{"timestamp":"2026-04-01T16:17:40.845124Z","level":"warning","event":"The `airflow.operators.python.PythonOperator` attribute is deprecated. Please use `'airflow.providers.standard.operators.python.PythonOperator'`.","category":"DeprecatedImportWarning","filename":"/home/artem/airflow/dags/airflow_pipe.py","lineno":12,"logger":"py.warnings"}
{"timestamp":"2026-04-01T16:17:40.847025Z","level":"info","event":"Stats instance was created in PID 7032 but accessed in PID 7487. Re-initializing.","logger":"airflow.stats","filename":"stats.py","lineno":57}
{"timestamp":"2026-04-01T16:17:40.878000Z","level":"info","event":"Task instance is in running state","logger":"task.stdout"}
{"timestamp":"2026-04-01T16:17:40.878095Z","level":"info","event":" Previous state of the Task instance: TaskInstanceState.QUEUED","logger":"task.stdout"}
{"timestamp":"2026-04-01T16:17:40.878120Z","level":"info","event":"Current task name:train_cars","logger":"task.stdout"}
{"timestamp":"2026-04-01T16:17:40.878139Z","level":"info","event":"Dag name:train_pipe","logger":"task.stdout"}
{"timestamp":"2026-04-01T16:17:41.139755Z","level":"error","event":"2026/04/01 18:17:41 INFO mlflow.store.db.utils: Creating initial MLflow database tables...","logger":"task.stderr"}
{"timestamp":"2026-04-01T16:17:41.379371Z","level":"error","event":"2026/04/01 18:17:41 INFO mlflow.store.db.utils: Updating database tables","logger":"task.stderr"}
{"timestamp":"2026-04-01T16:17:42.614746Z","level":"error","event":"2026/04/01 18:17:42 INFO mlflow.tracking.fluent: Experiment with name 'linear model cars' does not exist. Creating a new experiment.","logger":"task.stderr"}
{"timestamp":"2026-04-01T16:17:42.670940Z","level":"error","event":"2026/04/01 18:17:42 WARNING mlflow.utils.git_utils: Failed to import Git (the Git executable is probably not on your PATH), so Git SHA is not available. Error: Failed to initialize: Bad git executable.","logger":"task.stderr"}
{"timestamp":"2026-04-01T16:17:42.671038Z","level":"error","event":"The git executable must be specified in one of the following ways:","logger":"task.stderr"}
{"timestamp":"2026-04-01T16:17:42.671067Z","level":"error","event":"    - be included in your $PATH","logger":"task.stderr"}
{"timestamp":"2026-04-01T16:17:42.671087Z","level":"error","event":"    - be set via $GIT_PYTHON_GIT_EXECUTABLE","logger":"task.stderr"}
{"timestamp":"2026-04-01T16:17:42.671104Z","level":"error","event":"    - explicitly set via git.refresh(<full-path-to-git-executable>)","logger":"task.stderr"}
{"timestamp":"2026-04-01T16:17:42.671119Z","level":"error","event":"","logger":"task.stderr"}
{"timestamp":"2026-04-01T16:17:42.671135Z","level":"error","event":"All git commands will error until this is rectified.","logger":"task.stderr"}
{"timestamp":"2026-04-01T16:17:42.671151Z","level":"error","event":"","logger":"task.stderr"}
{"timestamp":"2026-04-01T16:17:42.671169Z","level":"error","event":"This initial message can be silenced or aggravated in the future by setting the","logger":"task.stderr"}
{"timestamp":"2026-04-01T16:17:42.671185Z","level":"error","event":"$GIT_PYTHON_REFRESH environment variable. Use one of the following values:","logger":"task.stderr"}
{"timestamp":"2026-04-01T16:17:42.671201Z","level":"error","event":"    - quiet|q|silence|s|silent|none|n|0: for no message or exception","logger":"task.stderr"}
{"timestamp":"2026-04-01T16:17:42.671214Z","level":"error","event":"    - warn|w|warning|log|l|1: for a warning message (logging level CRITICAL, displayed by default)","logger":"task.stderr"}
{"timestamp":"2026-04-01T16:17:42.671228Z","level":"error","event":"    - error|e|exception|raise|r|2: for a raised exception","logger":"task.stderr"}
{"timestamp":"2026-04-01T16:17:42.671247Z","level":"error","event":"","logger":"task.stderr"}
{"timestamp":"2026-04-01T16:17:42.671262Z","level":"error","event":"Example:","logger":"task.stderr"}
{"timestamp":"2026-04-01T16:17:42.671276Z","level":"error","event":"    export GIT_PYTHON_REFRESH=quiet","logger":"task.stderr"}
{"timestamp":"2026-04-01T16:17:42.671293Z","level":"error","event":"","logger":"task.stderr"}
{"timestamp":"2026-04-01T16:18:05.623367Z","level":"error","event":"2026/04/01 18:18:05 WARNING mlflow.models.model: `artifact_path` is deprecated. Please use `name` instead.","logger":"task.stderr"}
{"timestamp":"2026-04-01T16:18:05.669612Z","level":"error","event":"2026/04/01 18:18:05 WARNING mlflow.sklearn: Saving scikit-learn models in the pickle or cloudpickle format requires exercising caution because these formats rely on Python's object serialization mechanism, which can execute arbitrary code during deserialization. The recommended safe alternative is the 'skops' format. For more information, see: https://scikit-learn.org/stable/model_persistence.html","logger":"task.stderr"}
{"timestamp":"2026-04-01T16:18:10.587610Z","level":"info","event":"Done. Returned value was: None","logger":"airflow.task.operators.airflow.providers.standard.operators.python.PythonOperator","filename":"python.py","lineno":229}
{"timestamp":"2026-04-01T16:18:10.604036Z","level":"info","event":"Task instance in success state","logger":"task.stdout"}
{"timestamp":"2026-04-01T16:18:10.604109Z","level":"info","event":" Previous state of the Task instance: TaskInstanceState.RUNNING","logger":"task.stdout"}
{"timestamp":"2026-04-01T16:18:10.604132Z","level":"info","event":"Task operator:<Task(PythonOperator): train_cars>","logger":"task.stdout"}
