{"timestamp":"2026-04-03T05:04:42.813437Z","level":"info","event":"DAG bundles loaded: dags-folder, example_dags","logger":"airflow.dag_processing.bundles.manager.DagBundlesManager","filename":"manager.py","lineno":179}
{"timestamp":"2026-04-03T05:04:42.824253Z","level":"info","event":"Filling up the DagBag from /home/artem/airflow/dags/airflow_pipe.py","logger":"airflow.models.dagbag.BundleDagBag","filename":"dagbag.py","lineno":593}
{"timestamp":"2026-04-03T05:04:45.421713Z","level":"warning","event":"The `airflow.operators.python.PythonOperator` attribute is deprecated. Please use `'airflow.providers.standard.operators.python.PythonOperator'`.","category":"DeprecatedImportWarning","filename":"/home/artem/airflow/dags/airflow_pipe.py","lineno":12,"logger":"py.warnings"}
{"timestamp":"2026-04-03T05:04:45.422898Z","level":"info","event":"Stats instance was created in PID 18143 but accessed in PID 18820. Re-initializing.","logger":"airflow.stats","filename":"stats.py","lineno":57}
{"timestamp":"2026-04-03T05:04:45.468180Z","level":"info","event":"Task instance is in running state","logger":"task.stdout"}
{"timestamp":"2026-04-03T05:04:45.469516Z","level":"info","event":" Previous state of the Task instance: TaskInstanceState.QUEUED","logger":"task.stdout"}
{"timestamp":"2026-04-03T05:04:45.469586Z","level":"info","event":"Current task name:download_cardata","logger":"task.stdout"}
{"timestamp":"2026-04-03T05:04:45.469608Z","level":"info","event":"Dag name:train_pipe_cardata","logger":"task.stdout"}
{"timestamp":"2026-04-03T05:04:45.480653Z","level":"info","event":"Данные загружены. Размер датасета: (15, 9)","logger":"task.stdout"}
{"timestamp":"2026-04-03T05:04:45.495397Z","level":"info","event":"Первые 5 строк:","logger":"task.stdout"}
{"timestamp":"2026-04-03T05:04:45.495475Z","level":"info","event":"  Car_Name  Year  Selling_Price  ...  Seller_Type  Transmission Owner","logger":"task.stdout"}
{"timestamp":"2026-04-03T05:04:45.495499Z","level":"info","event":"0     ritz  2014           3.35  ...       Dealer        Manual     0","logger":"task.stdout"}
{"timestamp":"2026-04-03T05:04:45.495515Z","level":"info","event":"1      sx4  2013           4.75  ...       Dealer        Manual     0","logger":"task.stdout"}
{"timestamp":"2026-04-03T05:04:45.495533Z","level":"info","event":"2     ciaz  2017           7.25  ...       Dealer        Manual     0","logger":"task.stdout"}
{"timestamp":"2026-04-03T05:04:45.495547Z","level":"info","event":"3  wagon r  2011           2.85  ...       Dealer        Manual     0","logger":"task.stdout"}
{"timestamp":"2026-04-03T05:04:45.495562Z","level":"info","event":"4    swift  2014           4.60  ...       Dealer        Manual     0","logger":"task.stdout"}
{"timestamp":"2026-04-03T05:04:45.495577Z","level":"info","event":"","logger":"task.stdout"}
{"timestamp":"2026-04-03T05:04:45.495593Z","level":"info","event":"[5 rows x 9 columns]","logger":"task.stdout"}
{"timestamp":"2026-04-03T05:04:45.506860Z","level":"info","event":"Done. Returned value was:    Car_Name  Year  Selling_Price  ...  Seller_Type  Transmission Owner\n0      ritz  2014           3.35  ...       Dealer        Manual     0\n1       sx4  2013           4.75  ...       Dealer        Manual     0\n2      ciaz  2017           7.25  ...       Dealer        Manual     0\n3   wagon r  2011           2.85  ...       Dealer        Manual     0\n4     swift  2014           4.60  ...       Dealer        Manual     0\n5      alto  2015           2.10  ...   Individual        Manual     1\n6      brio  2016           3.80  ...       Dealer     Automatic     0\n7      city  2018           9.20  ...   Individual        Manual     0\n8      jazz  2017           6.50  ...       Dealer     Automatic     0\n9     amaze  2019           7.80  ...       Dealer        Manual     0\n10      i10  2016           3.90  ...       Dealer        Manual     0\n11      i20  2017           5.20  ...       Dealer        Manual     1\n12    verna  2015           6.80  ...   Individual        Manual     0\n13    creta  2019          11.50  ...       Dealer     Automatic     0\n14    xcent  2018           5.50  ...       Dealer        Manual     0\n\n[15 rows x 9 columns]","logger":"airflow.task.operators.airflow.providers.standard.operators.python.PythonOperator","filename":"python.py","lineno":229}
{"timestamp":"2026-04-03T05:04:45.507041Z","level":"info","event":"Pushing xcom","ti":"RuntimeTaskInstance(id=UUID('019d51ba-94a7-72e5-a654-0c1a21feec6e'), task_id='download_cardata', dag_id='train_pipe_cardata', run_id='manual__2026-04-03T05:04:35.471491+00:00', try_number=1, dag_version_id=UUID('019d51b8-9ab6-740e-9968-bb70c5331b61'), map_index=-1, hostname='artem-VirtualBox', context_carrier={}, task=<Task(PythonOperator): download_cardata>, bundle_instance=LocalDagBundle(name=dags-folder), max_tries=1, start_date=datetime.datetime(2026, 4, 3, 5, 4, 36, 673967, tzinfo=datetime.timezone.utc), end_date=None, state=<TaskInstanceState.RUNNING: 'running'>, is_mapped=False, rendered_map_index=None)","logger":"task","filename":"task_runner.py","lineno":1573}
{"timestamp":"2026-04-03T05:04:45.963816Z","level":"info","event":"Task instance in success state","logger":"task.stdout"}
{"timestamp":"2026-04-03T05:04:45.963907Z","level":"info","event":" Previous state of the Task instance: TaskInstanceState.RUNNING","logger":"task.stdout"}
{"timestamp":"2026-04-03T05:04:45.963935Z","level":"info","event":"Task operator:<Task(PythonOperator): download_cardata>","logger":"task.stdout"}
